[debug] [2025-07-30T21:59:14.827Z] ----------------------------------------------------------------------
[debug] [2025-07-30T21:59:14.833Z] Command:       /Users/ambermartinez/.nvm/versions/node/v20.17.0/bin/node /Users/ambermartinez/.nvm/versions/node/v20.17.0/bin/firebase init
[debug] [2025-07-30T21:59:14.833Z] CLI Version:   14.11.1
[debug] [2025-07-30T21:59:14.833Z] Platform:      darwin
[debug] [2025-07-30T21:59:14.833Z] Node Version:  v20.17.0
[debug] [2025-07-30T21:59:14.833Z] Time:          Wed Jul 30 2025 17:59:14 GMT-0400 (Eastern Daylight Time)
[debug] [2025-07-30T21:59:14.833Z] ----------------------------------------------------------------------
[debug] 
[debug] [2025-07-30T21:59:14.835Z] >>> [apiv2][query] GET https://firebase-public.firebaseio.com/cli.json [none]
[debug] [2025-07-30T21:59:14.972Z] > command requires scopes: ["email","openid","https://www.googleapis.com/auth/cloudplatformprojects.readonly","https://www.googleapis.com/auth/firebase","https://www.googleapis.com/auth/cloud-platform"]
[debug] [2025-07-30T21:59:14.972Z] > authorizing via signed-in user (martinez.amber1028@gmail.com)
[info] 
     ######## #### ########  ######## ########     ###     ######  ########
     ##        ##  ##     ## ##       ##     ##  ##   ##  ##       ##
     ######    ##  ########  ######   ########  #########  ######  ######
     ##        ##  ##    ##  ##       ##     ## ##     ##       ## ##
     ##       #### ##     ## ######## ########  ##     ##  ######  ########

You're about to initialize a Firebase project in this directory:

  /Users/ambermartinez/src/wedding

Before we get started, keep in mind:

  * You are initializing within an existing Firebase project directory

[debug] [2025-07-30T21:59:15.117Z] <<< [apiv2][status] GET https://firebase-public.firebaseio.com/cli.json 200
[debug] [2025-07-30T21:59:15.117Z] <<< [apiv2][body] GET https://firebase-public.firebaseio.com/cli.json {"cloudBuildErrorAfter":1594252800000,"cloudBuildWarnAfter":1590019200000,"defaultNode10After":1594252800000,"minVersion":"3.0.5","node8DeploysDisabledAfter":1613390400000,"node8RuntimeDisabledAfter":1615809600000,"node8WarnAfter":1600128000000}
[info] 
=== Project Setup
[info] 
[info] First, let's associate this project directory with a Firebase project.
[info] You can create multiple project aliases by running firebase use --add, 
[info] but for now we'll just set up a default project.
[info] 
[debug] [2025-07-30T21:59:17.516Z] Using project from CLI flag: amber-stephen-wedding
[debug] [2025-07-30T21:59:17.516Z] Checked if tokens are valid: false, expires at: 1753761290625
[debug] [2025-07-30T21:59:17.516Z] Checked if tokens are valid: false, expires at: 1753761290625
[debug] [2025-07-30T21:59:17.517Z] > refreshing access token with scopes: []
[debug] [2025-07-30T21:59:17.517Z] >>> [apiv2][query] POST https://www.googleapis.com/oauth2/v3/token [none]
[debug] [2025-07-30T21:59:17.517Z] >>> [apiv2][body] POST https://www.googleapis.com/oauth2/v3/token [omitted]
[debug] [2025-07-30T21:59:17.894Z] <<< [apiv2][status] POST https://www.googleapis.com/oauth2/v3/token 200
[debug] [2025-07-30T21:59:17.894Z] <<< [apiv2][body] POST https://www.googleapis.com/oauth2/v3/token [omitted]
[debug] [2025-07-30T21:59:17.909Z] >>> [apiv2][query] GET https://firebase.googleapis.com/v1beta1/projects/amber-stephen-wedding [none]
[debug] [2025-07-30T21:59:18.284Z] <<< [apiv2][status] GET https://firebase.googleapis.com/v1beta1/projects/amber-stephen-wedding 200
[debug] [2025-07-30T21:59:18.284Z] <<< [apiv2][body] GET https://firebase.googleapis.com/v1beta1/projects/amber-stephen-wedding {"projectId":"amber-stephen-wedding","projectNumber":"357407566417","displayName":"amber-stephen-wedding","name":"projects/amber-stephen-wedding","resources":{"hostingSite":"amber-stephen-wedding"},"state":"ACTIVE","etag":"1_9bf15c3f-04c3-4cd3-a8f1-8447d3fee2ba"}
[info] i  Using project amber-stephen-wedding (amber-stephen-wedding) 
[info] 
=== Hosting Setup
[debug] [2025-07-30T21:59:18.296Z] Checked if tokens are valid: true, expires at: 1753916356894
[debug] [2025-07-30T21:59:18.296Z] Checked if tokens are valid: true, expires at: 1753916356894
[debug] [2025-07-30T21:59:18.296Z] >>> [apiv2][query] GET https://firebase.googleapis.com/v1beta1/projects/amber-stephen-wedding [none]
[debug] [2025-07-30T21:59:18.589Z] <<< [apiv2][status] GET https://firebase.googleapis.com/v1beta1/projects/amber-stephen-wedding 200
[debug] [2025-07-30T21:59:18.590Z] <<< [apiv2][body] GET https://firebase.googleapis.com/v1beta1/projects/amber-stephen-wedding {"projectId":"amber-stephen-wedding","projectNumber":"357407566417","displayName":"amber-stephen-wedding","name":"projects/amber-stephen-wedding","resources":{"hostingSite":"amber-stephen-wedding"},"state":"ACTIVE","etag":"1_9bf15c3f-04c3-4cd3-a8f1-8447d3fee2ba"}
[info] 
[info] Your public directory is the folder (relative to your project directory) that
[info] will contain Hosting assets to be uploaded with firebase deploy. If you
[info] have a build process for your assets, use your build's output directory.
[info] 
[debug] [2025-07-30T21:59:19.496Z] ExitPromptError: User force closed the prompt with SIGINT
    at Interface.sigint (/Users/ambermartinez/.nvm/versions/node/v20.17.0/lib/node_modules/firebase-tools/node_modules/@inquirer/core/dist/commonjs/lib/create-prompt.js:101:37)
    at Interface.emit (node:events:519:28)
    at Interface.emit (node:domain:488:12)
    at [_ttyWrite] [as _ttyWrite] (node:internal/readline/interface:1126:18)
    at ReadStream.onkeypress (node:internal/readline/interface:265:20)
    at ReadStream.emit (node:events:531:35)
    at ReadStream.emit (node:domain:488:12)
    at emitKeys (node:internal/readline/utils:371:14)
    at emitKeys.next (<anonymous>)
    at ReadStream.onData (node:internal/readline/emitKeypressEvents:64:36)
[error] 
[error] Error: An unexpected error has occurred.
